12:22:05.296 [ERROR] i.g.a.Gatling$ - Run crashed
java.lang.IllegalArgumentException: Could not locate feeder file: Resource CCDUserData.csv not found
	at io.gatling.core.feeder.FeederSupport.separatedValues(FeederSupport.scala:41)
	at io.gatling.core.feeder.FeederSupport.separatedValues$(FeederSupport.scala:38)
	at io.gatling.core.Predef$.separatedValues(Predef.scala:24)
	at io.gatling.core.feeder.FeederSupport.csv(FeederSupport.scala:32)
	at io.gatling.core.feeder.FeederSupport.csv$(FeederSupport.scala:31)
	at io.gatling.core.Predef$.csv(Predef.scala:24)
	at uk.gov.hmcts.ccd.corecasedata.scenarios.Browse$.<init>(Browse.scala:21)
	at uk.gov.hmcts.ccd.corecasedata.scenarios.Browse$.<clinit>(Browse.scala)
	... 11 common frames omitted
Wrapped by: java.lang.ExceptionInInitializerError: null
	at uk.gov.hmcts.ccd.corecasedata.simulations.CCDUIPTSimulation.<init>(CCDUIPTSimulation.scala:20)
	... 10 common frames omitted
Wrapped by: java.lang.reflect.InvocationTargetException: null
	at sun.reflect.NativeConstructorAccessorImpl.newInstance0(Native Method)
	at sun.reflect.NativeConstructorAccessorImpl.newInstance(NativeConstructorAccessorImpl.java:62)
	at sun.reflect.DelegatingConstructorAccessorImpl.newInstance(DelegatingConstructorAccessorImpl.java:45)
	at java.lang.reflect.Constructor.newInstance(Constructor.java:423)
	at io.gatling.app.Runner.run0(Runner.scala:74)
	at io.gatling.app.Runner.run(Runner.scala:60)
	at io.gatling.app.Gatling$.start(Gatling.scala:73)
	at io.gatling.app.Gatling$.fromArgs(Gatling.scala:46)
	at io.gatling.app.Gatling$.main(Gatling.scala:38)
	at io.gatling.app.Gatling.main(Gatling.scala)
12:23:52.836 [ERROR] i.g.a.Gatling$ - Run crashed
java.lang.IllegalArgumentException: Could not locate feeder file: Resource CCDUserData.csv not found
	at io.gatling.core.feeder.FeederSupport.separatedValues(FeederSupport.scala:41)
	at io.gatling.core.feeder.FeederSupport.separatedValues$(FeederSupport.scala:38)
	at io.gatling.core.Predef$.separatedValues(Predef.scala:24)
	at io.gatling.core.feeder.FeederSupport.csv(FeederSupport.scala:32)
	at io.gatling.core.feeder.FeederSupport.csv$(FeederSupport.scala:31)
	at io.gatling.core.Predef$.csv(Predef.scala:24)
	at uk.gov.hmcts.ccd.corecasedata.scenarios.Browse$.<init>(Browse.scala:21)
	at uk.gov.hmcts.ccd.corecasedata.scenarios.Browse$.<clinit>(Browse.scala)
	... 11 common frames omitted
Wrapped by: java.lang.ExceptionInInitializerError: null
	at uk.gov.hmcts.ccd.corecasedata.simulations.CCDUIPTSimulation.<init>(CCDUIPTSimulation.scala:21)
	... 10 common frames omitted
Wrapped by: java.lang.reflect.InvocationTargetException: null
	at sun.reflect.NativeConstructorAccessorImpl.newInstance0(Native Method)
	at sun.reflect.NativeConstructorAccessorImpl.newInstance(NativeConstructorAccessorImpl.java:62)
	at sun.reflect.DelegatingConstructorAccessorImpl.newInstance(DelegatingConstructorAccessorImpl.java:45)
	at java.lang.reflect.Constructor.newInstance(Constructor.java:423)
	at io.gatling.app.Runner.run0(Runner.scala:74)
	at io.gatling.app.Runner.run(Runner.scala:60)
	at io.gatling.app.Gatling$.start(Gatling.scala:73)
	at io.gatling.app.Gatling$.fromArgs(Gatling.scala:46)
	at io.gatling.app.Gatling$.main(Gatling.scala:38)
	at io.gatling.app.Gatling.main(Gatling.scala)
12:27:51.127 [ERROR] i.g.a.Gatling$ - Run crashed
java.lang.IllegalArgumentException: Could not locate feeder file: Resource CCDUserData.csv not found
	at io.gatling.core.feeder.FeederSupport.separatedValues(FeederSupport.scala:41)
	at io.gatling.core.feeder.FeederSupport.separatedValues$(FeederSupport.scala:38)
	at io.gatling.core.Predef$.separatedValues(Predef.scala:24)
	at io.gatling.core.feeder.FeederSupport.csv(FeederSupport.scala:32)
	at io.gatling.core.feeder.FeederSupport.csv$(FeederSupport.scala:31)
	at io.gatling.core.Predef$.csv(Predef.scala:24)
	at uk.gov.hmcts.ccd.corecasedata.scenarios.Browse$.<init>(Browse.scala:21)
	at uk.gov.hmcts.ccd.corecasedata.scenarios.Browse$.<clinit>(Browse.scala)
	... 11 common frames omitted
Wrapped by: java.lang.ExceptionInInitializerError: null
	at uk.gov.hmcts.ccd.corecasedata.simulations.CCDUIPTSimulation.<init>(CCDUIPTSimulation.scala:21)
	... 10 common frames omitted
Wrapped by: java.lang.reflect.InvocationTargetException: null
	at sun.reflect.NativeConstructorAccessorImpl.newInstance0(Native Method)
	at sun.reflect.NativeConstructorAccessorImpl.newInstance(NativeConstructorAccessorImpl.java:62)
	at sun.reflect.DelegatingConstructorAccessorImpl.newInstance(DelegatingConstructorAccessorImpl.java:45)
	at java.lang.reflect.Constructor.newInstance(Constructor.java:423)
	at io.gatling.app.Runner.run0(Runner.scala:74)
	at io.gatling.app.Runner.run(Runner.scala:60)
	at io.gatling.app.Gatling$.start(Gatling.scala:73)
	at io.gatling.app.Gatling$.fromArgs(Gatling.scala:46)
	at io.gatling.app.Gatling$.main(Gatling.scala:38)
	at io.gatling.app.Gatling.main(Gatling.scala)
12:28:07.057 [ERROR] i.g.a.Gatling$ - Run crashed
java.lang.IllegalArgumentException: Could not locate feeder file: Resource CCDUserData.csv not found
	at io.gatling.core.feeder.FeederSupport.separatedValues(FeederSupport.scala:41)
	at io.gatling.core.feeder.FeederSupport.separatedValues$(FeederSupport.scala:38)
	at io.gatling.core.Predef$.separatedValues(Predef.scala:24)
	at io.gatling.core.feeder.FeederSupport.csv(FeederSupport.scala:32)
	at io.gatling.core.feeder.FeederSupport.csv$(FeederSupport.scala:31)
	at io.gatling.core.Predef$.csv(Predef.scala:24)
	at uk.gov.hmcts.ccd.corecasedata.scenarios.Browse$.<init>(Browse.scala:21)
	at uk.gov.hmcts.ccd.corecasedata.scenarios.Browse$.<clinit>(Browse.scala)
	... 11 common frames omitted
Wrapped by: java.lang.ExceptionInInitializerError: null
	at uk.gov.hmcts.ccd.corecasedata.simulations.CCDUIPTSimulation.<init>(CCDUIPTSimulation.scala:21)
	... 10 common frames omitted
Wrapped by: java.lang.reflect.InvocationTargetException: null
	at sun.reflect.NativeConstructorAccessorImpl.newInstance0(Native Method)
	at sun.reflect.NativeConstructorAccessorImpl.newInstance(NativeConstructorAccessorImpl.java:62)
	at sun.reflect.DelegatingConstructorAccessorImpl.newInstance(DelegatingConstructorAccessorImpl.java:45)
	at java.lang.reflect.Constructor.newInstance(Constructor.java:423)
	at io.gatling.app.Runner.run0(Runner.scala:74)
	at io.gatling.app.Runner.run(Runner.scala:60)
	at io.gatling.app.Gatling$.start(Gatling.scala:73)
	at io.gatling.app.Gatling$.fromArgs(Gatling.scala:46)
	at io.gatling.app.Gatling$.main(Gatling.scala:38)
	at io.gatling.app.Gatling.main(Gatling.scala)
12:48:04.272 [ERROR] i.g.a.Gatling$ - Run crashed
java.lang.IllegalArgumentException: Could not locate feeder file: Resource CCDUserData.csv not found
	at io.gatling.core.feeder.FeederSupport.separatedValues(FeederSupport.scala:41)
	at io.gatling.core.feeder.FeederSupport.separatedValues$(FeederSupport.scala:38)
	at io.gatling.core.Predef$.separatedValues(Predef.scala:24)
	at io.gatling.core.feeder.FeederSupport.csv(FeederSupport.scala:32)
	at io.gatling.core.feeder.FeederSupport.csv$(FeederSupport.scala:31)
	at io.gatling.core.Predef$.csv(Predef.scala:24)
	at uk.gov.hmcts.ccd.corecasedata.scenarios.Browse$.<init>(Browse.scala:21)
	at uk.gov.hmcts.ccd.corecasedata.scenarios.Browse$.<clinit>(Browse.scala)
	... 11 common frames omitted
Wrapped by: java.lang.ExceptionInInitializerError: null
	at uk.gov.hmcts.ccd.corecasedata.simulations.CCDUIPTSimulation.<init>(CCDUIPTSimulation.scala:21)
	... 10 common frames omitted
Wrapped by: java.lang.reflect.InvocationTargetException: null
	at sun.reflect.NativeConstructorAccessorImpl.newInstance0(Native Method)
	at sun.reflect.NativeConstructorAccessorImpl.newInstance(NativeConstructorAccessorImpl.java:62)
	at sun.reflect.DelegatingConstructorAccessorImpl.newInstance(DelegatingConstructorAccessorImpl.java:45)
	at java.lang.reflect.Constructor.newInstance(Constructor.java:423)
	at io.gatling.app.Runner.run0(Runner.scala:74)
	at io.gatling.app.Runner.run(Runner.scala:60)
	at io.gatling.app.Gatling$.start(Gatling.scala:73)
	at io.gatling.app.Gatling$.fromArgs(Gatling.scala:46)
	at io.gatling.app.Gatling$.main(Gatling.scala:38)
	at io.gatling.app.Gatling.main(Gatling.scala)
12:49:06.373 [ERROR] i.g.a.Gatling$ - Run crashed
java.lang.IllegalArgumentException: Could not locate feeder file: Resource CCDUserData.csv not found
	at io.gatling.core.feeder.FeederSupport.separatedValues(FeederSupport.scala:41)
	at io.gatling.core.feeder.FeederSupport.separatedValues$(FeederSupport.scala:38)
	at io.gatling.core.Predef$.separatedValues(Predef.scala:24)
	at io.gatling.core.feeder.FeederSupport.csv(FeederSupport.scala:32)
	at io.gatling.core.feeder.FeederSupport.csv$(FeederSupport.scala:31)
	at io.gatling.core.Predef$.csv(Predef.scala:24)
	at uk.gov.hmcts.ccd.corecasedata.scenarios.Browse$.<init>(Browse.scala:21)
	at uk.gov.hmcts.ccd.corecasedata.scenarios.Browse$.<clinit>(Browse.scala)
	... 11 common frames omitted
Wrapped by: java.lang.ExceptionInInitializerError: null
	at uk.gov.hmcts.ccd.corecasedata.simulations.CCDUIPTSimulation.<init>(CCDUIPTSimulation.scala:21)
	... 10 common frames omitted
Wrapped by: java.lang.reflect.InvocationTargetException: null
	at sun.reflect.NativeConstructorAccessorImpl.newInstance0(Native Method)
	at sun.reflect.NativeConstructorAccessorImpl.newInstance(NativeConstructorAccessorImpl.java:62)
	at sun.reflect.DelegatingConstructorAccessorImpl.newInstance(DelegatingConstructorAccessorImpl.java:45)
	at java.lang.reflect.Constructor.newInstance(Constructor.java:423)
	at io.gatling.app.Runner.run0(Runner.scala:74)
	at io.gatling.app.Runner.run(Runner.scala:60)
	at io.gatling.app.Gatling$.start(Gatling.scala:73)
	at io.gatling.app.Gatling$.fromArgs(Gatling.scala:46)
	at io.gatling.app.Gatling$.main(Gatling.scala:38)
	at io.gatling.app.Gatling.main(Gatling.scala)
12:52:37.186 [WARN ] i.g.h.e.GatlingHttpListener - Request 'CDM_010_HomePage' failed for user 1
io.gatling.http.client.impl.RequestTimeoutException: Request timeout to proxyout.reform.hmcts.net/172.16.0.7:8080 after 60000 ms
12:52:37.192 [WARN ] i.g.h.e.r.DefaultStatsProcessor - Request 'CDM_010_HomePage' failed for user 1: i.g.h.c.i.RequestTimeoutException: Request timeout to proxyout.reform.hmcts.net/172.16.0.7:8080 after 60000 ms
12:52:37.203 [ERROR] i.g.h.a.HttpRequestAction - 'httpRequest-70' failed to execute: No attribute named 'csrftoken' is defined
12:52:37.298 [ERROR] i.g.h.a.HttpRequestAction - 'httpRequest-68' failed to execute: No attribute named 'authCode' is defined
12:52:37.298 [ERROR] i.g.h.a.HttpRequestAction - 'httpRequest-67' failed to execute: No attribute named 'authCode' is defined
12:52:37.530 [WARN ] i.g.h.e.r.DefaultStatsProcessor - Request 'TX02_HMCTSReform_CCD_submitLogin_get_profile' failed for user 1: status.find.in(200,201,202,203,204,205,206,207,208,209,304), found 401
12:52:39.588 [WARN ] i.g.h.e.r.DefaultStatsProcessor - Request 'TX02_HMCTSReform_CCD_submitLogin_get_case-types_access_read' failed for user 1: status.find.in(200,201,202,203,204,205,206,207,208,209,304), found 401
12:52:46.476 [WARN ] i.g.h.e.r.DefaultStatsProcessor - Request 'TX03_HMCTSReform_CCD_CreateCase_ClickCreqteCaseButton_get_case-types?access=create' failed for user 1: status.find.in(200,201,202,203,204,205,206,207,208,209,304), found 401
14:30:33.843 [WARN ] i.g.h.e.GatlingHttpListener - Request 'CDM_010_HomePage' failed for user 1
io.gatling.http.client.impl.RequestTimeoutException: Request timeout to proxyout.reform.hmcts.net/172.16.0.7:8080 after 60000 ms
14:30:33.853 [WARN ] i.g.h.e.r.DefaultStatsProcessor - Request 'CDM_010_HomePage' failed for user 1: i.g.h.c.i.RequestTimeoutException: Request timeout to proxyout.reform.hmcts.net/172.16.0.7:8080 after 60000 ms
14:30:33.862 [ERROR] i.g.h.a.HttpRequestAction - 'httpRequest-13' failed to execute: No attribute named 'Email' is defined
14:30:33.863 [ERROR] i.g.h.a.HttpRequestAction - 'httpRequest-12' failed to execute: No attribute named 'authCode' is defined
14:30:33.864 [ERROR] i.g.h.a.HttpRequestAction - 'httpRequest-11' failed to execute: No attribute named 'authCode' is defined
14:30:35.429 [WARN ] i.g.h.e.r.DefaultStatsProcessor - Request 'PB_Gen_035_Login' failed for user 1: status.find.in(200,201,202,203,204,205,206,207,208,209,304), found 401
14:30:35.569 [WARN ] i.g.h.e.r.DefaultStatsProcessor - Request 'PB_Gen_045_Login' failed for user 1: status.find.in(200,201,202,203,204,205,206,207,208,209,304), found 401
14:30:35.688 [WARN ] i.g.h.e.r.DefaultStatsProcessor - Request 'PB_Gen_065_Login' failed for user 1: status.find.in(200,201,202,203,204,205,206,207,208,209,304), found 401
14:30:35.707 [WARN ] i.g.h.e.r.DefaultStatsProcessor - Request 'PB_Gen_070_Login' failed for user 1: status.find.in(200,201,202,203,204,205,206,207,208,209,304), found 401
14:30:35.728 [WARN ] i.g.h.e.r.DefaultStatsProcessor - Request 'PB_Gen_075_Login' failed for user 1: status.find.in(200,201,202,203,204,205,206,207,208,209,304), found 401
14:35:42.511 [ERROR] i.g.h.a.HttpRequestAction - 'httpRequest-13' failed to execute: No attribute named 'Email' is defined
14:35:42.514 [ERROR] i.g.h.a.HttpRequestAction - 'httpRequest-12' failed to execute: No attribute named 'authCode' is defined
14:35:42.514 [ERROR] i.g.h.a.HttpRequestAction - 'httpRequest-11' failed to execute: No attribute named 'authCode' is defined
14:35:43.186 [WARN ] i.g.h.e.r.DefaultStatsProcessor - Request 'PB_Gen_035_Login' failed for user 1: status.find.in(200,201,202,203,204,205,206,207,208,209,304), found 401
14:35:43.354 [WARN ] i.g.h.e.r.DefaultStatsProcessor - Request 'PB_Gen_045_Login' failed for user 1: status.find.in(200,201,202,203,204,205,206,207,208,209,304), found 401
14:35:43.606 [WARN ] i.g.h.e.r.DefaultStatsProcessor - Request 'PB_Gen_065_Login' failed for user 1: status.find.in(200,201,202,203,204,205,206,207,208,209,304), found 401
14:35:43.627 [WARN ] i.g.h.e.r.DefaultStatsProcessor - Request 'PB_Gen_070_Login' failed for user 1: status.find.in(200,201,202,203,204,205,206,207,208,209,304), found 401
14:35:43.763 [WARN ] i.g.h.e.r.DefaultStatsProcessor - Request 'PB_Gen_075_Login' failed for user 1: status.find.in(200,201,202,203,204,205,206,207,208,209,304), found 401
14:37:23.663 [WARN ] i.g.h.e.GatlingHttpListener - Request 'CDM_010_HomePage' failed for user 1
javax.net.ssl.SSLException: handshake timed out
	at io.netty.handler.ssl.SslHandler.handshake(...)(Unknown Source)
14:37:23.669 [WARN ] i.g.h.e.r.DefaultStatsProcessor - Request 'CDM_010_HomePage' failed for user 1: j.n.s.SSLException: handshake timed out
14:37:23.677 [ERROR] i.g.h.a.HttpRequestAction - 'httpRequest-13' failed to execute: No attribute named 'csrf' is defined
14:37:23.679 [ERROR] i.g.h.a.HttpRequestAction - 'httpRequest-12' failed to execute: No attribute named 'authCode' is defined
14:37:23.680 [ERROR] i.g.h.a.HttpRequestAction - 'httpRequest-11' failed to execute: No attribute named 'authCode' is defined
14:37:23.885 [WARN ] i.g.h.e.r.DefaultStatsProcessor - Request 'PB_Gen_035_Login' failed for user 1: status.find.in(200,201,202,203,204,205,206,207,208,209,304), found 401
14:37:23.946 [WARN ] i.g.h.e.r.DefaultStatsProcessor - Request 'PB_Gen_045_Login' failed for user 1: status.find.in(200,201,202,203,204,205,206,207,208,209,304), found 401
14:37:24.043 [WARN ] i.g.h.e.r.DefaultStatsProcessor - Request 'PB_Gen_065_Login' failed for user 1: status.find.in(200,201,202,203,204,205,206,207,208,209,304), found 401
14:37:24.066 [WARN ] i.g.h.e.r.DefaultStatsProcessor - Request 'PB_Gen_070_Login' failed for user 1: status.find.in(200,201,202,203,204,205,206,207,208,209,304), found 401
14:37:24.091 [WARN ] i.g.h.e.r.DefaultStatsProcessor - Request 'PB_Gen_075_Login' failed for user 1: status.find.in(200,201,202,203,204,205,206,207,208,209,304), found 401
